<?xml version="1.0" encoding="UTF-8"?>
<!-- Generated by org.testng.reporters.JUnitReportReporter -->
<testsuite hostname="Siris-Macbook.attlocal.net" name="myproject.Homepage" tests="3" failures="0" timestamp="3 Apr 2019 00:20:02 GMT" time="50.228" errors="0">
  <testcase name="homepage" time="44.241" classname="myproject.Homepage"/>
  <testcase name="userpage" time="1.733" classname="myproject.Homepage"/>
  <testcase name="newuser" time="4.254" classname="myproject.Homepage"/>
</testsuite> <!-- myproject.Homepage -->
