<?xml version="1.0" encoding="UTF-8"?>
<!-- Generated by org.testng.reporters.JUnitReportReporter -->
<testsuite hostname="Siris-Macbook.attlocal.net" name="myproject.AppTest" tests="1" failures="0" timestamp="3 Apr 2019 00:20:02 GMT" time="0.002" errors="0">
  <testcase name="testApp" time="0.002" classname="myproject.AppTest"/>
</testsuite> <!-- myproject.AppTest -->
