<?xml version="1.0" encoding="UTF-8"?>
<!-- Generated by org.testng.reporters.JUnitReportReporter -->
<testsuite skipped="0" hostname="Siris-Macbook.attlocal.net" name="com.RESTAPITest.Tests.TestClass" tests="1" failures="0" timestamp="2019-04-02T21:11:51 EDT" time="0.855" errors="0">
  <testcase name="testMethod1" time="0.855" classname="com.RESTAPITest.Tests.TestClass"/>
</testsuite> <!-- com.RESTAPITest.Tests.TestClass -->
