<?xml version="1.0" encoding="UTF-8"?>
<!-- Generated by org.testng.reporters.JUnitReportReporter -->
<testsuite skipped="0" hostname="Siris-Macbook.attlocal.net" name="com.RESTAPITest.Tests.RestTest" tests="1" failures="0" timestamp="2019-04-02T21:11:51 EDT" time="6.203" errors="0">
  <testcase name="deleteJSONRequest" time="6.203" classname="com.RESTAPITest.Tests.RestTest"/>
</testsuite> <!-- com.RESTAPITest.Tests.RestTest -->
